2022-08-01 14:23:20,805 [INFO] Activator:177 - 


2022-08-01 14:23:20,806 [INFO] Activator:178 - !SESSION log4j initialized
2022-08-01 14:23:53,421 [ERROR] LogOutputStream:74 - [STDERR_REDIRECT] SLF4J: Failed to load class "org.slf4j.impl.StaticLoggerBinder".
2022-08-01 14:23:53,423 [ERROR] LogOutputStream:74 - [STDERR_REDIRECT] SLF4J: Defaulting to no-operation (NOP) logger implementation
2022-08-01 14:23:53,425 [ERROR] LogOutputStream:74 - [STDERR_REDIRECT] SLF4J: See http://www.slf4j.org/codes.html#StaticLoggerBinder for further details.
2022-08-01 14:24:40,958 [INFO] Activator:177 - 


2022-08-01 14:24:40,961 [INFO] Activator:178 - !SESSION log4j initialized
2022-08-01 14:25:11,749 [ERROR] LogOutputStream:74 - [STDERR_REDIRECT] SLF4J: Failed to load class "org.slf4j.impl.StaticLoggerBinder".
2022-08-01 14:25:11,752 [ERROR] LogOutputStream:74 - [STDERR_REDIRECT] SLF4J: Defaulting to no-operation (NOP) logger implementation
2022-08-01 14:25:11,756 [ERROR] LogOutputStream:74 - [STDERR_REDIRECT] SLF4J: See http://www.slf4j.org/codes.html#StaticLoggerBinder for further details.
2022-08-01 15:15:24,054 [ERROR] LogOutputStream:74 - [STDERR_REDIRECT] 
2022-08-01 15:15:43,793 [INFO] Activator:177 - 


2022-08-01 15:15:43,794 [INFO] Activator:178 - !SESSION log4j initialized
2022-08-01 15:16:13,888 [ERROR] LogOutputStream:74 - [STDERR_REDIRECT] SLF4J: Failed to load class "org.slf4j.impl.StaticLoggerBinder".
2022-08-01 15:16:13,892 [ERROR] LogOutputStream:74 - [STDERR_REDIRECT] SLF4J: Defaulting to no-operation (NOP) logger implementation
2022-08-01 15:16:13,896 [ERROR] LogOutputStream:74 - [STDERR_REDIRECT] SLF4J: See http://www.slf4j.org/codes.html#StaticLoggerBinder for further details.
2022-08-02 11:42:07,221 [INFO] Activator:177 - 


2022-08-02 11:42:07,223 [INFO] Activator:178 - !SESSION log4j initialized
2022-08-02 11:42:38,364 [ERROR] LogOutputStream:74 - [STDERR_REDIRECT] SLF4J: Failed to load class "org.slf4j.impl.StaticLoggerBinder".
2022-08-02 11:42:38,366 [ERROR] LogOutputStream:74 - [STDERR_REDIRECT] SLF4J: Defaulting to no-operation (NOP) logger implementation
2022-08-02 11:42:38,367 [ERROR] LogOutputStream:74 - [STDERR_REDIRECT] SLF4J: See http://www.slf4j.org/codes.html#StaticLoggerBinder for further details.
2022-08-03 09:32:26,509 [INFO] Activator:177 - 


2022-08-03 09:32:26,510 [INFO] Activator:178 - !SESSION log4j initialized
2022-08-03 09:32:57,803 [ERROR] LogOutputStream:74 - [STDERR_REDIRECT] SLF4J: Failed to load class "org.slf4j.impl.StaticLoggerBinder".
2022-08-03 09:32:57,806 [ERROR] LogOutputStream:74 - [STDERR_REDIRECT] SLF4J: Defaulting to no-operation (NOP) logger implementation
2022-08-03 09:32:57,808 [ERROR] LogOutputStream:74 - [STDERR_REDIRECT] SLF4J: See http://www.slf4j.org/codes.html#StaticLoggerBinder for further details.
2022-08-03 20:22:47,926 [INFO] Activator:177 - 


2022-08-03 20:22:47,928 [INFO] Activator:178 - !SESSION log4j initialized
2022-08-03 20:23:26,963 [ERROR] LogOutputStream:74 - [STDERR_REDIRECT] SLF4J: Failed to load class "org.slf4j.impl.StaticLoggerBinder".
2022-08-03 20:23:26,971 [ERROR] LogOutputStream:74 - [STDERR_REDIRECT] SLF4J: Defaulting to no-operation (NOP) logger implementation
2022-08-03 20:23:26,979 [ERROR] LogOutputStream:74 - [STDERR_REDIRECT] SLF4J: See http://www.slf4j.org/codes.html#StaticLoggerBinder for further details.
2022-08-04 10:35:58,531 [INFO] Activator:177 - 


2022-08-04 10:35:58,531 [INFO] Activator:178 - !SESSION log4j initialized
2022-08-04 10:36:30,984 [ERROR] LogOutputStream:74 - [STDERR_REDIRECT] SLF4J: Failed to load class "org.slf4j.impl.StaticLoggerBinder".
2022-08-04 10:36:30,999 [ERROR] LogOutputStream:74 - [STDERR_REDIRECT] SLF4J: Defaulting to no-operation (NOP) logger implementation
2022-08-04 10:36:30,999 [ERROR] LogOutputStream:74 - [STDERR_REDIRECT] SLF4J: See http://www.slf4j.org/codes.html#StaticLoggerBinder for further details.
2022-08-04 11:07:47,011 [INFO] Activator:177 - 


2022-08-04 11:07:47,013 [INFO] Activator:178 - !SESSION log4j initialized
2022-08-04 11:08:17,836 [ERROR] LogOutputStream:74 - [STDERR_REDIRECT] SLF4J: Failed to load class "org.slf4j.impl.StaticLoggerBinder".
2022-08-04 11:08:17,839 [ERROR] LogOutputStream:74 - [STDERR_REDIRECT] SLF4J: Defaulting to no-operation (NOP) logger implementation
2022-08-04 11:08:17,842 [ERROR] LogOutputStream:74 - [STDERR_REDIRECT] SLF4J: See http://www.slf4j.org/codes.html#StaticLoggerBinder for further details.
2022-08-04 14:26:17,670 [INFO] Activator:177 - 


2022-08-04 14:26:17,672 [INFO] Activator:178 - !SESSION log4j initialized
2022-08-04 14:26:57,545 [ERROR] LogOutputStream:74 - [STDERR_REDIRECT] SLF4J: Failed to load class "org.slf4j.impl.StaticLoggerBinder".
2022-08-04 14:26:57,548 [ERROR] LogOutputStream:74 - [STDERR_REDIRECT] SLF4J: Defaulting to no-operation (NOP) logger implementation
2022-08-04 14:26:57,551 [ERROR] LogOutputStream:74 - [STDERR_REDIRECT] SLF4J: See http://www.slf4j.org/codes.html#StaticLoggerBinder for further details.
2022-08-04 14:54:48,120 [INFO] Activator:177 - 


2022-08-04 14:54:48,122 [INFO] Activator:178 - !SESSION log4j initialized
2022-08-04 14:55:46,841 [ERROR] LogOutputStream:74 - [STDERR_REDIRECT] SLF4J: Failed to load class "org.slf4j.impl.StaticLoggerBinder".
2022-08-04 14:55:46,846 [ERROR] LogOutputStream:74 - [STDERR_REDIRECT] SLF4J: Defaulting to no-operation (NOP) logger implementation
2022-08-04 14:55:46,850 [ERROR] LogOutputStream:74 - [STDERR_REDIRECT] SLF4J: See http://www.slf4j.org/codes.html#StaticLoggerBinder for further details.
2022-08-04 15:05:49,139 [INFO] Activator:177 - 


2022-08-04 15:05:49,142 [INFO] Activator:178 - !SESSION log4j initialized
2022-08-04 15:06:25,967 [INFO] Activator:177 - 


2022-08-04 15:06:25,970 [INFO] Activator:178 - !SESSION log4j initialized
2022-08-04 15:07:08,962 [ERROR] LogOutputStream:74 - [STDERR_REDIRECT] SLF4J: Failed to load class "org.slf4j.impl.StaticLoggerBinder".
2022-08-04 15:07:08,964 [ERROR] LogOutputStream:74 - [STDERR_REDIRECT] SLF4J: Defaulting to no-operation (NOP) logger implementation
2022-08-04 15:07:08,968 [ERROR] LogOutputStream:74 - [STDERR_REDIRECT] SLF4J: See http://www.slf4j.org/codes.html#StaticLoggerBinder for further details.
2022-08-04 15:13:34,757 [INFO] Activator:177 - 


2022-08-04 15:13:34,760 [INFO] Activator:178 - !SESSION log4j initialized
2022-08-04 15:15:25,039 [INFO] Activator:177 - 


2022-08-04 15:15:25,040 [INFO] Activator:178 - !SESSION log4j initialized
2022-08-04 15:16:10,666 [ERROR] LogOutputStream:74 - [STDERR_REDIRECT] SLF4J: Failed to load class "org.slf4j.impl.StaticLoggerBinder".
2022-08-04 15:16:10,670 [ERROR] LogOutputStream:74 - [STDERR_REDIRECT] SLF4J: Defaulting to no-operation (NOP) logger implementation
2022-08-04 15:16:10,673 [ERROR] LogOutputStream:74 - [STDERR_REDIRECT] SLF4J: See http://www.slf4j.org/codes.html#StaticLoggerBinder for further details.
2022-08-04 15:41:07,420 [INFO] Activator:177 - 


2022-08-04 15:41:07,422 [INFO] Activator:178 - !SESSION log4j initialized
2022-08-04 15:41:40,719 [ERROR] LogOutputStream:74 - [STDERR_REDIRECT] SLF4J: Failed to load class "org.slf4j.impl.StaticLoggerBinder".
2022-08-04 15:41:40,722 [ERROR] LogOutputStream:74 - [STDERR_REDIRECT] SLF4J: Defaulting to no-operation (NOP) logger implementation
2022-08-04 15:41:40,725 [ERROR] LogOutputStream:74 - [STDERR_REDIRECT] SLF4J: See http://www.slf4j.org/codes.html#StaticLoggerBinder for further details.
2022-08-04 15:42:58,015 [INFO] Activator:177 - 


2022-08-04 15:42:58,017 [INFO] Activator:178 - !SESSION log4j initialized
2022-08-04 15:43:39,325 [ERROR] LogOutputStream:74 - [STDERR_REDIRECT] SLF4J: Failed to load class "org.slf4j.impl.StaticLoggerBinder".
2022-08-04 15:43:39,328 [ERROR] LogOutputStream:74 - [STDERR_REDIRECT] SLF4J: Defaulting to no-operation (NOP) logger implementation
2022-08-04 15:43:39,331 [ERROR] LogOutputStream:74 - [STDERR_REDIRECT] SLF4J: See http://www.slf4j.org/codes.html#StaticLoggerBinder for further details.
2022-08-04 16:06:31,265 [INFO] Activator:177 - 


2022-08-04 16:06:31,268 [INFO] Activator:178 - !SESSION log4j initialized
2022-08-04 16:07:17,981 [ERROR] LogOutputStream:74 - [STDERR_REDIRECT] SLF4J: Failed to load class "org.slf4j.impl.StaticLoggerBinder".
2022-08-04 16:07:17,984 [ERROR] LogOutputStream:74 - [STDERR_REDIRECT] SLF4J: Defaulting to no-operation (NOP) logger implementation
2022-08-04 16:07:17,988 [ERROR] LogOutputStream:74 - [STDERR_REDIRECT] SLF4J: See http://www.slf4j.org/codes.html#StaticLoggerBinder for further details.
2022-08-04 16:21:13,928 [INFO] Activator:177 - 


2022-08-04 16:21:13,929 [INFO] Activator:178 - !SESSION log4j initialized
2022-08-04 16:21:49,366 [ERROR] LogOutputStream:74 - [STDERR_REDIRECT] SLF4J: Failed to load class "org.slf4j.impl.StaticLoggerBinder".
2022-08-04 16:21:49,366 [ERROR] LogOutputStream:74 - [STDERR_REDIRECT] SLF4J: Defaulting to no-operation (NOP) logger implementation
2022-08-04 16:21:49,366 [ERROR] LogOutputStream:74 - [STDERR_REDIRECT] SLF4J: See http://www.slf4j.org/codes.html#StaticLoggerBinder for further details.
2022-08-04 16:33:42,118 [INFO] Activator:177 - 


2022-08-04 16:33:42,120 [INFO] Activator:178 - !SESSION log4j initialized
2022-08-04 16:34:07,952 [INFO] Activator:177 - 


2022-08-04 16:34:07,953 [INFO] Activator:178 - !SESSION log4j initialized
2022-08-04 16:34:49,083 [ERROR] LogOutputStream:74 - [STDERR_REDIRECT] SLF4J: Failed to load class "org.slf4j.impl.StaticLoggerBinder".
2022-08-04 16:34:49,085 [ERROR] LogOutputStream:74 - [STDERR_REDIRECT] SLF4J: Defaulting to no-operation (NOP) logger implementation
2022-08-04 16:34:49,087 [ERROR] LogOutputStream:74 - [STDERR_REDIRECT] SLF4J: See http://www.slf4j.org/codes.html#StaticLoggerBinder for further details.
2022-08-04 16:39:17,700 [INFO] Activator:177 - 


2022-08-04 16:39:17,705 [INFO] Activator:178 - !SESSION log4j initialized
2022-08-04 16:41:24,249 [ERROR] LogOutputStream:74 - [STDERR_REDIRECT] SLF4J: Failed to load class "org.slf4j.impl.StaticLoggerBinder".
2022-08-04 16:41:24,253 [ERROR] LogOutputStream:74 - [STDERR_REDIRECT] SLF4J: Defaulting to no-operation (NOP) logger implementation
2022-08-04 16:41:24,257 [ERROR] LogOutputStream:74 - [STDERR_REDIRECT] SLF4J: See http://www.slf4j.org/codes.html#StaticLoggerBinder for further details.
2022-08-04 18:16:30,932 [INFO] Activator:177 - 


2022-08-04 18:16:30,933 [INFO] Activator:178 - !SESSION log4j initialized
2022-08-04 18:17:08,167 [INFO] Activator:177 - 


2022-08-04 18:17:08,168 [INFO] Activator:178 - !SESSION log4j initialized
2022-08-04 18:17:43,882 [ERROR] LogOutputStream:74 - [STDERR_REDIRECT] SLF4J: Failed to load class "org.slf4j.impl.StaticLoggerBinder".
2022-08-04 18:17:43,884 [ERROR] LogOutputStream:74 - [STDERR_REDIRECT] SLF4J: Defaulting to no-operation (NOP) logger implementation
2022-08-04 18:17:43,886 [ERROR] LogOutputStream:74 - [STDERR_REDIRECT] SLF4J: See http://www.slf4j.org/codes.html#StaticLoggerBinder for further details.
2022-08-05 19:09:18,227 [INFO] Activator:177 - 


2022-08-05 19:09:18,229 [INFO] Activator:178 - !SESSION log4j initialized
2022-08-05 19:10:02,476 [ERROR] LogOutputStream:74 - [STDERR_REDIRECT] SLF4J: Failed to load class "org.slf4j.impl.StaticLoggerBinder".
2022-08-05 19:10:02,479 [ERROR] LogOutputStream:74 - [STDERR_REDIRECT] SLF4J: Defaulting to no-operation (NOP) logger implementation
2022-08-05 19:10:02,483 [ERROR] LogOutputStream:74 - [STDERR_REDIRECT] SLF4J: See http://www.slf4j.org/codes.html#StaticLoggerBinder for further details.
2022-08-08 09:48:33,078 [INFO] Activator:177 - 


2022-08-08 09:48:33,081 [INFO] Activator:178 - !SESSION log4j initialized
2022-08-08 09:49:49,178 [ERROR] LogOutputStream:74 - [STDERR_REDIRECT] SLF4J: Failed to load class "org.slf4j.impl.StaticLoggerBinder".
2022-08-08 09:49:49,182 [ERROR] LogOutputStream:74 - [STDERR_REDIRECT] SLF4J: Defaulting to no-operation (NOP) logger implementation
2022-08-08 09:49:49,186 [ERROR] LogOutputStream:74 - [STDERR_REDIRECT] SLF4J: See http://www.slf4j.org/codes.html#StaticLoggerBinder for further details.
2022-08-08 10:46:37,766 [INFO] Activator:177 - 


2022-08-08 10:46:37,768 [INFO] Activator:178 - !SESSION log4j initialized
2022-08-08 10:47:23,629 [ERROR] LogOutputStream:74 - [STDERR_REDIRECT] SLF4J: Failed to load class "org.slf4j.impl.StaticLoggerBinder".
2022-08-08 10:47:23,645 [ERROR] LogOutputStream:74 - [STDERR_REDIRECT] SLF4J: Defaulting to no-operation (NOP) logger implementation
2022-08-08 10:47:23,645 [ERROR] LogOutputStream:74 - [STDERR_REDIRECT] SLF4J: See http://www.slf4j.org/codes.html#StaticLoggerBinder for further details.
2022-08-08 11:23:30,914 [INFO] Activator:177 - 


2022-08-08 11:23:30,917 [INFO] Activator:178 - !SESSION log4j initialized
2022-08-08 11:24:22,111 [ERROR] LogOutputStream:74 - [STDERR_REDIRECT] SLF4J: Failed to load class "org.slf4j.impl.StaticLoggerBinder".
2022-08-08 11:24:22,113 [ERROR] LogOutputStream:74 - [STDERR_REDIRECT] SLF4J: Defaulting to no-operation (NOP) logger implementation
2022-08-08 11:24:22,115 [ERROR] LogOutputStream:74 - [STDERR_REDIRECT] SLF4J: See http://www.slf4j.org/codes.html#StaticLoggerBinder for further details.
2022-08-08 13:10:45,365 [INFO] Activator:177 - 


2022-08-08 13:10:45,367 [INFO] Activator:178 - !SESSION log4j initialized
2022-08-08 13:11:25,035 [ERROR] LogOutputStream:74 - [STDERR_REDIRECT] SLF4J: Failed to load class "org.slf4j.impl.StaticLoggerBinder".
2022-08-08 13:11:25,039 [ERROR] LogOutputStream:74 - [STDERR_REDIRECT] SLF4J: Defaulting to no-operation (NOP) logger implementation
2022-08-08 13:11:25,042 [ERROR] LogOutputStream:74 - [STDERR_REDIRECT] SLF4J: See http://www.slf4j.org/codes.html#StaticLoggerBinder for further details.
2022-08-08 14:11:18,661 [INFO] Activator:177 - 


2022-08-08 14:11:18,662 [INFO] Activator:178 - !SESSION log4j initialized
2022-08-08 14:11:59,142 [ERROR] LogOutputStream:74 - [STDERR_REDIRECT] SLF4J: Failed to load class "org.slf4j.impl.StaticLoggerBinder".
2022-08-08 14:11:59,144 [ERROR] LogOutputStream:74 - [STDERR_REDIRECT] SLF4J: Defaulting to no-operation (NOP) logger implementation
2022-08-08 14:11:59,146 [ERROR] LogOutputStream:74 - [STDERR_REDIRECT] SLF4J: See http://www.slf4j.org/codes.html#StaticLoggerBinder for further details.
2022-08-08 14:22:32,886 [INFO] Activator:177 - 


2022-08-08 14:22:32,888 [INFO] Activator:178 - !SESSION log4j initialized
2022-08-08 14:23:13,126 [ERROR] LogOutputStream:74 - [STDERR_REDIRECT] SLF4J: Failed to load class "org.slf4j.impl.StaticLoggerBinder".
2022-08-08 14:23:13,130 [ERROR] LogOutputStream:74 - [STDERR_REDIRECT] SLF4J: Defaulting to no-operation (NOP) logger implementation
2022-08-08 14:23:13,133 [ERROR] LogOutputStream:74 - [STDERR_REDIRECT] SLF4J: See http://www.slf4j.org/codes.html#StaticLoggerBinder for further details.
2022-08-08 14:28:31,659 [INFO] Activator:177 - 


2022-08-08 14:28:31,661 [INFO] Activator:178 - !SESSION log4j initialized
2022-08-08 14:30:48,683 [ERROR] LogOutputStream:74 - [STDERR_REDIRECT] SLF4J: Failed to load class "org.slf4j.impl.StaticLoggerBinder".
2022-08-08 14:30:48,686 [ERROR] LogOutputStream:74 - [STDERR_REDIRECT] SLF4J: Defaulting to no-operation (NOP) logger implementation
2022-08-08 14:30:48,688 [ERROR] LogOutputStream:74 - [STDERR_REDIRECT] SLF4J: See http://www.slf4j.org/codes.html#StaticLoggerBinder for further details.
2022-08-08 15:15:47,422 [ERROR] LogOutputStream:74 - [STDERR_REDIRECT] Exception in thread "AWT-EventQueue-0" java.lang.IndexOutOfBoundsException: Index 108 out of bounds for length 108
2022-08-08 15:15:47,425 [ERROR] LogOutputStream:74 - [STDERR_REDIRECT] 	at java.base/jdk.internal.util.Preconditions.outOfBounds(Preconditions.java:64)
2022-08-08 15:15:47,428 [ERROR] LogOutputStream:74 - [STDERR_REDIRECT] 	at java.base/jdk.internal.util.Preconditions.outOfBoundsCheckIndex(Preconditions.java:70)
2022-08-08 15:15:47,429 [ERROR] LogOutputStream:74 - [STDERR_REDIRECT] 	at java.base/jdk.internal.util.Preconditions.checkIndex(Preconditions.java:248)
2022-08-08 15:15:47,431 [ERROR] LogOutputStream:74 - [STDERR_REDIRECT] 	at java.base/java.util.Objects.checkIndex(Objects.java:372)
2022-08-08 15:15:47,432 [ERROR] LogOutputStream:74 - [STDERR_REDIRECT] 	at java.base/java.util.ArrayList.get(ArrayList.java:459)
2022-08-08 15:15:47,435 [ERROR] LogOutputStream:74 - [STDERR_REDIRECT] 	at com.st.microxplorer.plugins.pinoutconfig.guiV5.CategoriesPane.updateIPsColorsAndIcons(CategoriesPane.java:276)
2022-08-08 15:15:47,438 [ERROR] LogOutputStream:74 - [STDERR_REDIRECT] 	at com.st.microxplorer.plugins.pinoutconfig.guiV5.PeripheralsSelectionPanel.propertyChange(PeripheralsSelectionPanel.java:599)
2022-08-08 15:15:47,440 [ERROR] LogOutputStream:74 - [STDERR_REDIRECT] 	at java.desktop/java.beans.PropertyChangeSupport.fire(PropertyChangeSupport.java:341)
2022-08-08 15:15:47,442 [ERROR] LogOutputStream:74 - [STDERR_REDIRECT] 	at java.desktop/java.beans.PropertyChangeSupport.firePropertyChange(PropertyChangeSupport.java:333)
2022-08-08 15:15:47,444 [ERROR] LogOutputStream:74 - [STDERR_REDIRECT] 	at com.st.microxplorer.mxsystem.MxSystem.propertyChange(MxSystem.java:463)
2022-08-08 15:15:47,448 [ERROR] LogOutputStream:74 - [STDERR_REDIRECT] 	at java.desktop/java.beans.PropertyChangeSupport.fire(PropertyChangeSupport.java:341)
2022-08-08 15:15:47,450 [ERROR] LogOutputStream:74 - [STDERR_REDIRECT] 	at java.desktop/java.beans.PropertyChangeSupport.firePropertyChange(PropertyChangeSupport.java:333)
2022-08-08 15:15:47,453 [ERROR] LogOutputStream:74 - [STDERR_REDIRECT] 	at com.st.microxplorer.mcu.Mcu.propertyChange(Mcu.java:1627)
2022-08-08 15:15:47,457 [ERROR] LogOutputStream:74 - [STDERR_REDIRECT] 	at java.desktop/java.beans.PropertyChangeSupport.fire(PropertyChangeSupport.java:341)
2022-08-08 15:15:47,459 [ERROR] LogOutputStream:74 - [STDERR_REDIRECT] 	at java.desktop/java.beans.PropertyChangeSupport.firePropertyChange(PropertyChangeSupport.java:333)
2022-08-08 15:15:47,463 [ERROR] LogOutputStream:74 - [STDERR_REDIRECT] 	at com.st.microxplorer.util.MXPropertyChangeSupport.refreshing(MXPropertyChangeSupport.java:72)
2022-08-08 15:15:47,465 [ERROR] LogOutputStream:74 - [STDERR_REDIRECT] 	at com.st.microxplorer.mcu.Mcu.refreshingMcu(Mcu.java:5805)
2022-08-08 15:15:47,470 [ERROR] LogOutputStream:74 - [STDERR_REDIRECT] 	at com.st.microxplorer.mcu.RCCService.refreshing(RCCService.java:343)
2022-08-08 15:15:47,475 [ERROR] LogOutputStream:74 - [STDERR_REDIRECT] 	at com.st.microxplorer.plugins.clock.gui.ActiveOutputUI.keyPressed(ActiveOutputUI.java:750)
2022-08-08 15:15:47,477 [ERROR] LogOutputStream:74 - [STDERR_REDIRECT] 	at java.desktop/java.awt.AWTEventMulticaster.keyPressed(AWTEventMulticaster.java:257)
2022-08-08 15:15:47,478 [ERROR] LogOutputStream:74 - [STDERR_REDIRECT] 	at java.desktop/java.awt.Component.processKeyEvent(Component.java:6593)
2022-08-08 15:15:47,482 [ERROR] LogOutputStream:74 - [STDERR_REDIRECT] 	at java.desktop/javax.swing.JComponent.processKeyEvent(JComponent.java:2849)
2022-08-08 15:15:47,483 [ERROR] LogOutputStream:74 - [STDERR_REDIRECT] 	at java.desktop/java.awt.Component.processEvent(Component.java:6412)
2022-08-08 15:15:47,485 [ERROR] LogOutputStream:74 - [STDERR_REDIRECT] 	at java.desktop/java.awt.Container.processEvent(Container.java:2263)
2022-08-08 15:15:47,486 [ERROR] LogOutputStream:74 - [STDERR_REDIRECT] 	at java.desktop/java.awt.Component.dispatchEventImpl(Component.java:5011)
2022-08-08 15:15:47,487 [ERROR] LogOutputStream:74 - [STDERR_REDIRECT] 	at java.desktop/java.awt.Container.dispatchEventImpl(Container.java:2321)
2022-08-08 15:15:47,489 [ERROR] LogOutputStream:74 - [STDERR_REDIRECT] 	at java.desktop/java.awt.Component.dispatchEvent(Component.java:4843)
2022-08-08 15:15:47,491 [ERROR] LogOutputStream:74 - [STDERR_REDIRECT] 	at java.desktop/java.awt.KeyboardFocusManager.redispatchEvent(KeyboardFocusManager.java:1950)
2022-08-08 15:15:47,493 [ERROR] LogOutputStream:74 - [STDERR_REDIRECT] 	at java.desktop/java.awt.DefaultKeyboardFocusManager.dispatchKeyEvent(DefaultKeyboardFocusManager.java:870)
2022-08-08 15:15:47,496 [ERROR] LogOutputStream:74 - [STDERR_REDIRECT] 	at java.desktop/java.awt.DefaultKeyboardFocusManager.preDispatchKeyEvent(DefaultKeyboardFocusManager.java:1139)
2022-08-08 15:15:47,498 [ERROR] LogOutputStream:74 - [STDERR_REDIRECT] 	at java.desktop/java.awt.DefaultKeyboardFocusManager.typeAheadAssertions(DefaultKeyboardFocusManager.java:1009)
2022-08-08 15:15:47,501 [ERROR] LogOutputStream:74 - [STDERR_REDIRECT] 	at java.desktop/java.awt.DefaultKeyboardFocusManager.dispatchEvent(DefaultKeyboardFocusManager.java:835)
2022-08-08 15:15:47,502 [ERROR] LogOutputStream:74 - [STDERR_REDIRECT] 	at java.desktop/java.awt.Component.dispatchEventImpl(Component.java:4892)
2022-08-08 15:15:47,504 [ERROR] LogOutputStream:74 - [STDERR_REDIRECT] 	at java.desktop/java.awt.Container.dispatchEventImpl(Container.java:2321)
2022-08-08 15:15:47,505 [ERROR] LogOutputStream:74 - [STDERR_REDIRECT] 	at java.desktop/java.awt.Component.dispatchEvent(Component.java:4843)
2022-08-08 15:15:47,506 [ERROR] LogOutputStream:74 - [STDERR_REDIRECT] 	at java.desktop/java.awt.EventQueue.dispatchEventImpl(EventQueue.java:772)
2022-08-08 15:15:47,508 [ERROR] LogOutputStream:74 - [STDERR_REDIRECT] 	at java.desktop/java.awt.EventQueue$4.run(EventQueue.java:721)
2022-08-08 15:15:47,509 [ERROR] LogOutputStream:74 - [STDERR_REDIRECT] 	at java.desktop/java.awt.EventQueue$4.run(EventQueue.java:715)
2022-08-08 15:15:47,511 [ERROR] LogOutputStream:74 - [STDERR_REDIRECT] 	at java.base/java.security.AccessController.doPrivileged(Native Method)
2022-08-08 15:15:47,513 [ERROR] LogOutputStream:74 - [STDERR_REDIRECT] 	at java.base/java.security.ProtectionDomain$JavaSecurityAccessImpl.doIntersectionPrivilege(ProtectionDomain.java:85)
2022-08-08 15:15:47,516 [ERROR] LogOutputStream:74 - [STDERR_REDIRECT] 	at java.base/java.security.ProtectionDomain$JavaSecurityAccessImpl.doIntersectionPrivilege(ProtectionDomain.java:95)
2022-08-08 15:15:47,517 [ERROR] LogOutputStream:74 - [STDERR_REDIRECT] 	at java.desktop/java.awt.EventQueue$5.run(EventQueue.java:745)
2022-08-08 15:15:47,518 [ERROR] LogOutputStream:74 - [STDERR_REDIRECT] 	at java.desktop/java.awt.EventQueue$5.run(EventQueue.java:743)
2022-08-08 15:15:47,520 [ERROR] LogOutputStream:74 - [STDERR_REDIRECT] 	at java.base/java.security.AccessController.doPrivileged(Native Method)
2022-08-08 15:15:47,522 [ERROR] LogOutputStream:74 - [STDERR_REDIRECT] 	at java.base/java.security.ProtectionDomain$JavaSecurityAccessImpl.doIntersectionPrivilege(ProtectionDomain.java:85)
2022-08-08 15:15:47,523 [ERROR] LogOutputStream:74 - [STDERR_REDIRECT] 	at java.desktop/java.awt.EventQueue.dispatchEvent(EventQueue.java:742)
2022-08-08 15:15:47,525 [ERROR] LogOutputStream:74 - [STDERR_REDIRECT] 	at java.desktop/java.awt.EventDispatchThread.pumpOneEventForFilters(EventDispatchThread.java:203)
2022-08-08 15:15:47,527 [ERROR] LogOutputStream:74 - [STDERR_REDIRECT] 	at java.desktop/java.awt.EventDispatchThread.pumpEventsForFilter(EventDispatchThread.java:124)
2022-08-08 15:15:47,529 [ERROR] LogOutputStream:74 - [STDERR_REDIRECT] 	at java.desktop/java.awt.EventDispatchThread.pumpEventsForHierarchy(EventDispatchThread.java:113)
2022-08-08 15:15:47,530 [ERROR] LogOutputStream:74 - [STDERR_REDIRECT] 	at java.desktop/java.awt.EventDispatchThread.pumpEvents(EventDispatchThread.java:109)
2022-08-08 15:15:47,532 [ERROR] LogOutputStream:74 - [STDERR_REDIRECT] 	at java.desktop/java.awt.EventDispatchThread.pumpEvents(EventDispatchThread.java:101)
2022-08-08 15:15:47,534 [ERROR] LogOutputStream:74 - [STDERR_REDIRECT] 	at java.desktop/java.awt.EventDispatchThread.run(EventDispatchThread.java:90)
2022-08-08 20:48:57,161 [INFO] Activator:177 - 


2022-08-08 20:48:57,163 [INFO] Activator:178 - !SESSION log4j initialized
2022-08-08 20:49:49,948 [ERROR] LogOutputStream:74 - [STDERR_REDIRECT] SLF4J: Failed to load class "org.slf4j.impl.StaticLoggerBinder".
2022-08-08 20:49:49,951 [ERROR] LogOutputStream:74 - [STDERR_REDIRECT] SLF4J: Defaulting to no-operation (NOP) logger implementation
2022-08-08 20:49:49,954 [ERROR] LogOutputStream:74 - [STDERR_REDIRECT] SLF4J: See http://www.slf4j.org/codes.html#StaticLoggerBinder for further details.
2022-09-06 19:49:58,127 [INFO] Activator:177 - 


2022-09-06 19:49:58,129 [INFO] Activator:178 - !SESSION log4j initialized
2022-09-06 19:50:27,939 [ERROR] LogOutputStream:74 - [STDERR_REDIRECT] SLF4J: Failed to load class "org.slf4j.impl.StaticLoggerBinder".
2022-09-06 19:50:27,939 [ERROR] LogOutputStream:74 - [STDERR_REDIRECT] SLF4J: Defaulting to no-operation (NOP) logger implementation
2022-09-06 19:50:27,939 [ERROR] LogOutputStream:74 - [STDERR_REDIRECT] SLF4J: See http://www.slf4j.org/codes.html#StaticLoggerBinder for further details.
